<?xml version="1.0" encoding="UTF-8"?>
<!-- Generated by org.testng.reporters.JUnitXMLReporter -->
<testsuite ignored="3" hostname="LAPTOP-GKQTGB06" failures="0" tests="1" name="Test" time="12.004" errors="0" timestamp="2022-10-22T00:25:26 IST">
  <testcase classname="TestCases.ParallelTest" name="openSaucelab" time="11.928"/>
  <testcase classname="TestCases.ParallelTest" name="openFb" time="0.0">
    <ignored/>
  </testcase> <!-- openFb -->
  <testcase classname="TestCases.ParallelTest" name="openGoogle" time="0.0">
    <ignored/>
  </testcase> <!-- openGoogle -->
  <testcase classname="TestCases.ParallelTest" name="openRediff" time="0.0">
    <ignored/>
  </testcase> <!-- openRediff -->
</testsuite> <!-- Test -->
