<?xml version="1.0" encoding="UTF-8"?>
<testng-results ignored="3" total="4" passed="1" failed="0" skipped="0">
  <reporter-output>
  </reporter-output>
  <suite started-at="2022-10-22T00:25:14 IST" name="Suite" finished-at="2022-10-22T00:25:26 IST" duration-ms="12004">
    <groups>
    </groups>
    <test started-at="2022-10-22T00:25:14 IST" name="Test" finished-at="2022-10-22T00:25:26 IST" duration-ms="12004">
      <class name="TestCases.ParallelTest">
        <test-method signature="openSaucelab()[pri:0, instance:TestCases.ParallelTest@1e1a0406]" started-at="2022-10-22T00:25:14 IST" name="openSaucelab" finished-at="2022-10-22T00:25:26 IST" duration-ms="11928" status="PASS">
          <reporter-output>
          </reporter-output>
        </test-method> <!-- openSaucelab -->
      </class> <!-- TestCases.ParallelTest -->
    </test> <!-- Test -->
  </suite> <!-- Suite -->
</testng-results>
